\BOOKMARK [0][-]{chapter.1}{\376\377\000I\000n\000t\000r\000o\000d\000u\000c\000t\000i\000o\000n\000\040\000t\000o\000\040\000C\000o\000m\000p\000u\000t\000e\000r\000\040\000P\000r\000o\000g\000r\000a\000m\000m\000i\000n\000g}{}% 1
\BOOKMARK [1][-]{section.1.1}{\376\377\000C\000o\000m\000p\000u\000t\000e\000r}{chapter.1}% 2
\BOOKMARK [1][-]{section.1.2}{\376\377\000P\000r\000o\000g\000r\000a\000m\000m\000i\000n\000g}{chapter.1}% 3
\BOOKMARK [1][-]{section.1.3}{\376\377\000D\000i\000f\000f\000e\000r\000e\000n\000t\000\040\000g\000e\000n\000e\000r\000a\000t\000i\000o\000n\000s\000\040\000o\000f\000\040\000p\000r\000o\000g\000r\000a\000m\000m\000i\000n\000g\000\040\000l\000a\000n\000g\000u\000a\000g\000e\000s}{chapter.1}% 4
\BOOKMARK [1][-]{section.1.4}{\376\377\000H\000i\000g\000h\000-\000l\000e\000v\000e\000l\000\040\000L\000a\000n\000g\000u\000a\000g\000e}{chapter.1}% 5
\BOOKMARK [0][-]{chapter.2}{\376\377\000V\000a\000l\000u\000e\000s\000\040\000a\000n\000d\000\040\000V\000a\000r\000i\000a\000b\000l\000e\000s}{}% 6
\BOOKMARK [1][-]{section.2.1}{\376\377\000I\000n\000t\000e\000g\000e\000r\000s}{chapter.2}% 7
\BOOKMARK [1][-]{section.2.2}{\376\377\000S\000t\000r\000i\000n\000g\000s}{chapter.2}% 8
\BOOKMARK [1][-]{section.2.3}{\376\377\000V\000a\000r\000i\000a\000b\000l\000e\000s\000\040\000a\000n\000d\000\040\000A\000s\000s\000i\000g\000n\000m\000e\000n\000t}{chapter.2}% 9
\BOOKMARK [1][-]{section.2.4}{\376\377\000I\000d\000e\000n\000t\000i\000f\000i\000e\000r\000s}{chapter.2}% 10
\BOOKMARK [1][-]{section.2.5}{\376\377\000U\000s\000e\000r\000\040\000I\000n\000p\000u\000t}{chapter.2}% 11
\BOOKMARK [1][-]{section.2.6}{\376\377\000T\000y\000p\000e\000\040\000C\000o\000n\000v\000e\000r\000s\000i\000o\000n}{chapter.2}% 12
\BOOKMARK [1][-]{section.2.7}{\376\377\000E\000r\000r\000o\000r}{chapter.2}% 13
\BOOKMARK [1][-]{section.2.8}{\376\377\000F\000l\000o\000a\000t\000i\000n\000g\000\040\000P\000o\000i\000n\000t\000\040\000N\000u\000m\000b\000e\000r\000s}{chapter.2}% 14
\BOOKMARK [1][-]{section.2.9}{\376\377\000S\000t\000r\000i\000n\000g\000\040\000F\000o\000r\000m\000a\000t\000t\000i\000n\000g}{chapter.2}% 15
\BOOKMARK [0][-]{chapter.3}{\376\377\000E\000x\000p\000r\000e\000s\000s\000i\000o\000n\000s\000\040\000a\000n\000d\000\040\000A\000r\000i\000t\000h\000m\000e\000t\000i\000c}{}% 16
\BOOKMARK [1][-]{section.3.1}{\376\377\000O\000p\000e\000r\000a\000t\000o\000r\000s}{chapter.3}% 17
\BOOKMARK [1][-]{section.3.2}{\376\377\000O\000p\000e\000r\000a\000t\000o\000r\000\040\000P\000r\000e\000c\000e\000d\000e\000n\000c\000e\000\040\000a\000n\000d\000\040\000A\000s\000s\000o\000c\000i\000a\000t\000i\000v\000i\000t\000y}{chapter.3}% 18
\BOOKMARK [1][-]{section.3.3}{\376\377\000A\000u\000g\000m\000e\000n\000t\000e\000d\000\040\000A\000s\000s\000i\000g\000n\000m\000e\000n\000t\000\040\000O\000p\000e\000r\000a\000t\000o\000r\000s}{chapter.3}% 19
\BOOKMARK [0][-]{chapter.4}{\376\377\000C\000o\000n\000d\000i\000t\000i\000o\000n\000a\000l\000\040\000E\000x\000e\000c\000u\000t\000i\000o\000n}{}% 20
\BOOKMARK [1][-]{section.4.1}{\376\377\000M\000o\000t\000i\000v\000a\000t\000i\000o\000n}{chapter.4}% 21
\BOOKMARK [1][-]{section.4.2}{\376\377\000B\000o\000o\000l\000e\000a\000n\000\040\000e\000x\000p\000r\000e\000s\000s\000i\000o\000n\000s}{chapter.4}% 22
\BOOKMARK [1][-]{section.4.3}{\376\377\000C\000o\000n\000d\000i\000t\000i\000o\000n\000a\000l\000\040\000C\000o\000n\000s\000t\000r\000u\000c\000t\000s}{chapter.4}% 23
\BOOKMARK [0][-]{chapter.5}{\376\377\000I\000t\000e\000r\000a\000t\000i\000o\000n}{}% 24
\BOOKMARK [1][-]{section.5.1}{\376\377\000M\000o\000t\000i\000v\000a\000t\000i\000o\000n}{chapter.5}% 25
\BOOKMARK [1][-]{section.5.2}{\376\377\000F\000o\000r\000\040\000L\000o\000o\000p}{chapter.5}% 26
\BOOKMARK [1][-]{section.5.3}{\376\377\000W\000h\000i\000l\000e\000\040\000L\000o\000o\000p}{chapter.5}% 27
\BOOKMARK [1][-]{section.5.4}{\376\377\000B\000r\000e\000a\000k\000/\000C\000o\000n\000t\000i\000n\000u\000e\000/\000E\000l\000s\000e\000\040\000C\000o\000n\000s\000t\000r\000u\000c\000t\000s\000\040\000o\000f\000\040\000a\000\040\000L\000o\000o\000p}{chapter.5}% 28
\BOOKMARK [0][-]{chapter.6}{\376\377\000U\000s\000i\000n\000g\000\040\000F\000u\000n\000c\000t\000i\000o\000n\000s}{}% 29
\BOOKMARK [1][-]{section.6.1}{\376\377\000M\000o\000t\000i\000v\000a\000t\000i\000o\000n}{chapter.6}% 30
\BOOKMARK [1][-]{section.6.2}{\376\377\000F\000u\000n\000c\000t\000i\000o\000n\000s}{chapter.6}% 31
\BOOKMARK [1][-]{section.6.3}{\376\377\000I\000m\000p\000o\000r\000t\000\040\000F\000u\000n\000c\000t\000i\000o\000n\000s\000\040\000f\000r\000o\000m\000\040\000M\000o\000d\000u\000l\000e\000s}{chapter.6}% 32
\BOOKMARK [1][-]{section.6.4}{\376\377\000B\000u\000i\000l\000t\000-\000i\000n\000\040\000F\000u\000n\000c\000t\000i\000o\000n\000s}{chapter.6}% 33
\BOOKMARK [0][-]{chapter.7}{\376\377\000W\000r\000i\000t\000i\000n\000g\000\040\000F\000u\000n\000c\000t\000i\000o\000n}{}% 34
\BOOKMARK [1][-]{section.7.1}{\376\377\000F\000u\000n\000c\000t\000i\000o\000n\000\040\000D\000e\000f\000i\000n\000i\000t\000i\000o\000n}{chapter.7}% 35
\BOOKMARK [1][-]{section.7.2}{\376\377\000D\000o\000c\000u\000m\000e\000n\000t\000a\000t\000i\000o\000n}{chapter.7}% 36
\BOOKMARK [1][-]{section.7.3}{\376\377\000P\000a\000r\000a\000m\000e\000t\000e\000r\000\040\000P\000a\000s\000s\000i\000n\000g}{chapter.7}% 37
\BOOKMARK [0][-]{chapter.8}{\376\377\000O\000b\000j\000e\000c\000t\000s}{}% 38
\BOOKMARK [1][-]{section.8.1}{\376\377\000O\000b\000j\000e\000c\000t\000-\000O\000r\000i\000e\000n\000t\000e\000d\000\040\000P\000r\000o\000g\000r\000a\000m\000m\000i\000n\000g}{chapter.8}% 39
\BOOKMARK [1][-]{section.8.2}{\376\377\000F\000i\000l\000e\000\040\000O\000b\000j\000e\000c\000t\000s}{chapter.8}% 40
\BOOKMARK [1][-]{section.8.3}{\376\377\000S\000t\000r\000i\000n\000g\000\040\000O\000b\000j\000e\000c\000t\000s}{chapter.8}% 41
\BOOKMARK [1][-]{section.8.4}{\376\377\000O\000p\000e\000r\000a\000t\000o\000r\000\040\000O\000v\000e\000r\000l\000o\000a\000d\000i\000n\000g}{chapter.8}% 42
\BOOKMARK [1][-]{section.8.5}{\376\377\000O\000b\000j\000e\000c\000t\000\040\000A\000l\000i\000a\000s\000i\000n\000g}{chapter.8}% 43
\BOOKMARK [0][-]{chapter.9}{\376\377\000M\000o\000r\000e\000\040\000o\000n\000\040\000F\000u\000n\000c\000t\000i\000o\000n\000s}{}% 44
\BOOKMARK [1][-]{section.9.1}{\376\377\000R\000e\000c\000u\000r\000s\000i\000o\000n}{chapter.9}% 45
\BOOKMARK [1][-]{section.9.2}{\376\377\000G\000l\000o\000b\000a\000l\000\040\000V\000a\000r\000i\000a\000b\000l\000e\000s}{chapter.9}% 46
\BOOKMARK [1][-]{section.9.3}{\376\377\000G\000e\000n\000e\000r\000a\000t\000o\000r}{chapter.9}% 47
\BOOKMARK [1][-]{section.9.4}{\376\377\000O\000p\000t\000i\000o\000n\000a\000l\000\040\000A\000r\000g\000u\000m\000e\000n\000t\000s}{chapter.9}% 48
\BOOKMARK [1][-]{section.9.5}{\376\377\000V\000a\000r\000i\000a\000b\000l\000e\000\040\000n\000u\000m\000b\000e\000r\000\040\000o\000f\000\040\000a\000r\000g\000u\000m\000e\000n\000t\000s}{chapter.9}% 49
\BOOKMARK [1][-]{section.9.6}{\376\377\000D\000e\000c\000o\000r\000a\000t\000o\000r}{chapter.9}% 50
\BOOKMARK [1][-]{section.9.7}{\376\377\000M\000o\000d\000u\000l\000e}{chapter.9}% 51
\BOOKMARK [0][-]{chapter.10}{\376\377\000L\000i\000s\000t\000s\000\040\000a\000n\000d\000\040\000T\000u\000p\000l\000e\000s}{}% 52
\BOOKMARK [1][-]{section.10.1}{\376\377\000M\000o\000t\000i\000v\000a\000t\000i\000o\000n\000\040\000o\000f\000\040\000c\000o\000m\000p\000o\000s\000i\000t\000e\000\040\000d\000a\000t\000a\000\040\000t\000y\000p\000e}{chapter.10}% 53
\BOOKMARK [1][-]{section.10.2}{\376\377\000C\000o\000n\000s\000t\000r\000u\000c\000t\000i\000n\000g\000\040\000s\000e\000q\000u\000e\000n\000c\000e\000s}{chapter.10}% 54
\BOOKMARK [1][-]{section.10.3}{\376\377\000S\000e\000l\000e\000c\000t\000i\000n\000g\000\040\000i\000t\000e\000m\000s\000\040\000i\000n\000\040\000a\000\040\000s\000e\000q\000u\000e\000n\000c\000e}{chapter.10}% 55
\BOOKMARK [1][-]{section.10.4}{\376\377\000M\000u\000t\000a\000t\000i\000n\000g\000\040\000a\000\040\000l\000i\000s\000t}{chapter.10}% 56
\BOOKMARK [1][-]{section.10.5}{\376\377\000D\000i\000f\000f\000e\000r\000e\000n\000t\000\040\000m\000e\000t\000h\000o\000d\000s\000\040\000t\000o\000\040\000o\000p\000e\000r\000a\000t\000e\000\040\000o\000n\000\040\000a\000\040\000s\000e\000q\000u\000e\000n\000c\000e}{chapter.10}% 57
\BOOKMARK [0][-]{chapter.11}{\376\377\000D\000i\000c\000t\000i\000o\000n\000a\000r\000i\000e\000s\000\040\000a\000n\000d\000\040\000S\000e\000t\000s}{}% 58
\BOOKMARK [1][-]{section.11.1}{\376\377\000M\000o\000t\000i\000v\000a\000t\000i\000o\000n\000\040\000f\000o\000r\000\040\000a\000s\000s\000o\000c\000i\000a\000t\000i\000v\000e\000\040\000c\000o\000n\000t\000a\000i\000n\000e\000r}{chapter.11}% 59
\BOOKMARK [1][-]{section.11.2}{\376\377\000C\000o\000n\000s\000t\000r\000u\000c\000t\000i\000n\000g\000\040\000a\000s\000s\000o\000c\000i\000a\000t\000i\000v\000e\000\040\000c\000o\000n\000t\000a\000i\000n\000e\000r\000s}{chapter.11}% 60
\BOOKMARK [1][-]{section.11.3}{\376\377\000H\000a\000s\000h\000a\000b\000i\000l\000i\000t\000y}{chapter.11}% 61
\BOOKMARK [1][-]{section.11.4}{\376\377\000A\000c\000c\000e\000s\000s\000i\000n\000g\000\040\000k\000e\000y\000s\000/\000v\000a\000l\000u\000e\000s}{chapter.11}% 62
\BOOKMARK [1][-]{section.11.5}{\376\377\000O\000t\000h\000e\000r\000\040\000o\000p\000e\000r\000a\000t\000o\000r\000s\000\040\000a\000n\000d\000\040\000m\000e\000t\000h\000o\000d\000s}{chapter.11}% 63
\BOOKMARK [0][-]{chapter.12}{\376\377\000M\000o\000n\000t\000e\000\040\000C\000a\000r\000l\000o\000\040\000S\000i\000m\000u\000l\000a\000t\000i\000o\000n\000\040\000a\000n\000d\000\040\000L\000i\000n\000e\000a\000r\000\040\000A\000l\000g\000e\000b\000r\000a}{}% 64
\BOOKMARK [1][-]{section.12.1}{\376\377\000M\000o\000n\000t\000e\000\040\000C\000a\000r\000l\000o\000\040\000s\000i\000m\000u\000l\000a\000t\000i\000o\000n}{chapter.12}% 65
\BOOKMARK [1][-]{section.12.2}{\376\377\000L\000i\000n\000e\000a\000r\000\040\000A\000l\000g\000e\000b\000r\000a}{chapter.12}% 66
\BOOKMARK [0][-]{chapter.13}{\376\377\000R\000e\000v\000i\000e\000w\000\040\000Q\000u\000e\000s\000t\000i\000o\000n\000s}{}% 67
\BOOKMARK [1][-]{section.13.1}{\376\377\000D\000i\000c\000t\000i\000o\000n\000a\000r\000i\000e\000s\000\040\000a\000n\000d\000\040\000S\000e\000t\000s}{chapter.13}% 68
\BOOKMARK [1][-]{section.13.2}{\376\377\000L\000i\000s\000t\000s\000\040\000a\000n\000d\000\040\000T\000u\000p\000l\000e\000s}{chapter.13}% 69
\BOOKMARK [1][-]{section.13.3}{\376\377\000M\000o\000r\000e\000\040\000F\000u\000n\000c\000t\000i\000o\000n\000s}{chapter.13}% 70
